c:\users\matt\documents\vrbackend\vrbackend\x64\debug\vc120.pdb
c:\users\matt\documents\vrbackend\vrbackend\x64\debug\vrbackend.pdb
c:\users\matt\documents\vrbackend\vrbackend\x64\debug\vrbackend.idb
c:\users\matt\documents\vrbackend\vrbackend\x64\debug\entity.obj
c:\users\matt\documents\vrbackend\vrbackend\x64\debug\entityhandler.obj
c:\users\matt\documents\vrbackend\vrbackend\x64\debug\keyboardstate.obj
c:\users\matt\documents\vrbackend\vrbackend\x64\debug\objloader.obj
c:\users\matt\documents\vrbackend\vrbackend\x64\debug\processingeffect.obj
c:\users\matt\documents\vrbackend\vrbackend\x64\debug\renderentities.obj
c:\users\matt\documents\vrbackend\vrbackend\x64\debug\vc120.idb
c:\users\matt\documents\vrbackend\vrbackend\x64\debug\resourcepool.obj
c:\users\matt\documents\vrbackend\vrbackend\x64\debug\shaders.obj
c:\users\matt\documents\vrbackend\vrbackend\x64\debug\pipelinetextureplanner.obj
c:\users\matt\documents\vrbackend\vrbackend\x64\debug\constantbuffer.obj
c:\users\matt\documents\vrbackend\vrbackend\x64\debug\convolutioneffectdesc.obj
c:\users\matt\documents\vrbackend\vrbackend\x64\debug\headset.obj
c:\users\matt\documents\vrbackend\vrbackend\x64\debug\inputhandler.obj
c:\users\matt\documents\vrbackend\vrbackend\x64\debug\model.obj
c:\users\matt\documents\vrbackend\vrbackend\x64\debug\pipelinecamera.obj
c:\users\matt\documents\vrbackend\vrbackend\x64\debug\pipelinestage.obj
c:\users\matt\documents\vrbackend\vrbackend\x64\debug\pipelinestagedesc.obj
c:\users\matt\documents\vrbackend\vrbackend\x64\debug\pipelinestagewithrendermode.obj
c:\users\matt\documents\vrbackend\vrbackend\x64\debug\rendergroup.obj
c:\users\matt\documents\vrbackend\vrbackend\x64\debug\rendermode.obj
c:\users\matt\documents\vrbackend\vrbackend\x64\debug\renderingpipeline.obj
c:\users\matt\documents\vrbackend\vrbackend\x64\debug\shadersettings.obj
c:\users\matt\documents\vrbackend\vrbackend\x64\debug\texturecopy.obj
c:\users\matt\documents\vrbackend\vrbackend\x64\debug\viewstate.obj
c:\users\matt\documents\vrbackend\vrbackend\x64\debug\asyncentitybuffer.obj
c:\users\matt\documents\vrbackend\vrbackend\x64\debug\begindirectx.obj
c:\users\matt\documents\vrbackend\vrbackend\x64\debug\orthocamera.obj
c:\users\matt\documents\vrbackend\vrbackend\x64\debug\perspectivecamera.obj
c:\users\matt\documents\vrbackend\vrbackend\x64\debug\texture.obj
c:\users\matt\documents\vrbackend\vrbackend\x64\debug\textureview.obj
c:\users\matt\documents\vrbackend\vrbackend\x64\debug\timetracker.obj
c:\users\matt\documents\vrbackend\vrbackend\x64\debug\gaussian.obj
c:\users\matt\documents\vrbackend\vrbackend\x64\debug\camera.obj
c:\users\matt\documents\vrbackend\vrbackend\x64\debug\quaternion.obj
c:\users\matt\documents\vrbackend\vrbackend\x64\debug\renderresource.obj
c:\users\matt\documents\vrbackend\vrbackend\x64\debug\vertices.obj
c:\users\matt\documents\vrbackend\vrbackend\x64\debug\entityid.obj
c:\users\matt\documents\vrbackend\vrbackend\x64\debug\logging.obj
c:\users\matt\documents\vrbackend\vrbackend\x64\debug\modelgenerator.obj
c:\users\matt\documents\vrbackend\vrbackend\x64\debug\modelmutation.obj
c:\users\matt\documents\vrbackend\vrbackend\x64\debug\modelslice.obj
c:\users\matt\documents\vrbackend\vrbackend\x64\debug\my_math.obj
c:\users\matt\documents\wanddemo\x64\debug\vrbackend.lib
c:\users\matt\documents\wanddemo\vrbackend\x64\debug\asyncentitybuffer.obj
c:\users\matt\documents\wanddemo\vrbackend\x64\debug\begindirectx.obj
c:\users\matt\documents\wanddemo\vrbackend\x64\debug\camera.obj
c:\users\matt\documents\wanddemo\vrbackend\x64\debug\constantbuffer.obj
c:\users\matt\documents\wanddemo\vrbackend\x64\debug\convolutioneffectdesc.obj
c:\users\matt\documents\wanddemo\vrbackend\x64\debug\entity.obj
c:\users\matt\documents\wanddemo\vrbackend\x64\debug\entityhandler.obj
c:\users\matt\documents\wanddemo\vrbackend\x64\debug\entityid.obj
c:\users\matt\documents\wanddemo\vrbackend\x64\debug\gaussian.obj
c:\users\matt\documents\wanddemo\vrbackend\x64\debug\headset.obj
c:\users\matt\documents\wanddemo\vrbackend\x64\debug\inputhandler.obj
c:\users\matt\documents\wanddemo\vrbackend\x64\debug\keyboardstate.obj
c:\users\matt\documents\wanddemo\vrbackend\x64\debug\logging.obj
c:\users\matt\documents\wanddemo\vrbackend\x64\debug\model.obj
c:\users\matt\documents\wanddemo\vrbackend\x64\debug\modelgenerator.obj
c:\users\matt\documents\wanddemo\vrbackend\x64\debug\modelmutation.obj
c:\users\matt\documents\wanddemo\vrbackend\x64\debug\modelslice.obj
c:\users\matt\documents\wanddemo\vrbackend\x64\debug\my_math.obj
c:\users\matt\documents\wanddemo\vrbackend\x64\debug\objloader.obj
c:\users\matt\documents\wanddemo\vrbackend\x64\debug\orthocamera.obj
c:\users\matt\documents\wanddemo\vrbackend\x64\debug\perspectivecamera.obj
c:\users\matt\documents\wanddemo\vrbackend\x64\debug\pipelinecamera.obj
c:\users\matt\documents\wanddemo\vrbackend\x64\debug\pipelinestage.obj
c:\users\matt\documents\wanddemo\vrbackend\x64\debug\pipelinestagedesc.obj
c:\users\matt\documents\wanddemo\vrbackend\x64\debug\pipelinestagewithrendermode.obj
c:\users\matt\documents\wanddemo\vrbackend\x64\debug\pipelinetextureplanner.obj
c:\users\matt\documents\wanddemo\vrbackend\x64\debug\processingeffect.obj
c:\users\matt\documents\wanddemo\vrbackend\x64\debug\quaternion.obj
c:\users\matt\documents\wanddemo\vrbackend\x64\debug\renderentities.obj
c:\users\matt\documents\wanddemo\vrbackend\x64\debug\rendergroup.obj
c:\users\matt\documents\wanddemo\vrbackend\x64\debug\renderingpipeline.obj
c:\users\matt\documents\wanddemo\vrbackend\x64\debug\rendermode.obj
c:\users\matt\documents\wanddemo\vrbackend\x64\debug\renderresource.obj
c:\users\matt\documents\wanddemo\vrbackend\x64\debug\resourcepool.obj
c:\users\matt\documents\wanddemo\vrbackend\x64\debug\shaders.obj
c:\users\matt\documents\wanddemo\vrbackend\x64\debug\shadersettings.obj
c:\users\matt\documents\wanddemo\vrbackend\x64\debug\texture.obj
c:\users\matt\documents\wanddemo\vrbackend\x64\debug\texturecopy.obj
c:\users\matt\documents\wanddemo\vrbackend\x64\debug\textureview.obj
c:\users\matt\documents\wanddemo\vrbackend\x64\debug\timetracker.obj
c:\users\matt\documents\wanddemo\vrbackend\x64\debug\vertices.obj
c:\users\matt\documents\wanddemo\vrbackend\x64\debug\viewstate.obj
c:\users\matt\documents\wanddemo\vrbackend\x64\debug\headset.obj.enc
c:\users\matt\documents\wanddemo\vrbackend\x64\debug\vc120.idb
c:\users\matt\documents\wanddemo\vrbackend\x64\debug\vrbackend.idb
c:\users\matt\documents\wanddemo\vrbackend\x64\debug\vc120.pdb
c:\users\matt\documents\wanddemo\vrbackend\x64\debug\vrbackend.pdb
c:\users\matt\documents\wanddemo\x64\debug\vrbackend.pdb
c:\users\matt\documents\wanddemo\vrbackend\x64\debug\vrbackend.tlog\cl.command.1.tlog
c:\users\matt\documents\wanddemo\vrbackend\x64\debug\vrbackend.tlog\cl.read.1.tlog
c:\users\matt\documents\wanddemo\vrbackend\x64\debug\vrbackend.tlog\cl.write.1.tlog
c:\users\matt\documents\wanddemo\vrbackend\x64\debug\vrbackend.tlog\lib-link.read.1.tlog
c:\users\matt\documents\wanddemo\vrbackend\x64\debug\vrbackend.tlog\lib-link.write.1.tlog
c:\users\matt\documents\wanddemo\vrbackend\x64\debug\vrbackend.tlog\lib.command.1.tlog
