  ViewState.cpp
  Vertices.cpp
c:\users\matt\documents\wanddemo\vrbackend\vertices.cpp(44): warning C4267: 'return': conversion from 'size_t' to 'int', possible loss of data
  TimeTracker.cpp
  TextureView.cpp
  TextureCopy.cpp
  Texture.cpp
c:\users\matt\documents\wanddemo\vrbackend\texture.cpp(195): warning C4244: '=': conversion from 'double' to 'float', possible loss of data
c:\users\matt\documents\wanddemo\vrbackend\texture.cpp(216): warning C4244: 'argument': conversion from 'FLOAT' to 'UINT', possible loss of data
  ShaderSettings.cpp
  Shaders.cpp
  ResourcePool.cpp
c:\users\matt\documents\wanddemo\vrbackend\resourcepool.cpp(38): warning C4267: '=': conversion from 'size_t' to 'unsigned int', possible loss of data
c:\users\matt\documents\wanddemo\vrbackend\resourcepool.cpp(52): warning C4267: '=': conversion from 'size_t' to 'unsigned int', possible loss of data
c:\users\matt\documents\wanddemo\vrbackend\resourcepool.cpp(66): warning C4267: '=': conversion from 'size_t' to 'unsigned int', possible loss of data
c:\users\matt\documents\wanddemo\vrbackend\resourcepool.cpp(80): warning C4267: '=': conversion from 'size_t' to 'unsigned int', possible loss of data
c:\users\matt\documents\wanddemo\vrbackend\resourcepool.cpp(87): warning C4267: '=': conversion from 'size_t' to 'unsigned int', possible loss of data
c:\users\matt\documents\wanddemo\vrbackend\resourcepool.cpp(136): warning C4267: 'initializing': conversion from 'size_t' to 'unsigned int', possible loss of data
c:\users\matt\documents\wanddemo\vrbackend\resourcepool.cpp(185): warning C4267: '=': conversion from 'size_t' to 'unsigned int', possible loss of data
c:\users\matt\documents\wanddemo\vrbackend\resourcepool.cpp(222): warning C4267: '=': conversion from 'size_t' to 'unsigned int', possible loss of data
c:\users\matt\documents\wanddemo\vrbackend\resourcepool.cpp(265): warning C4267: '=': conversion from 'size_t' to 'unsigned int', possible loss of data
  RenderResource.cpp
  RenderMode.cpp
c:\users\matt\documents\wanddemo\vrbackend\rendermode.cpp(40): warning C4244: '=': conversion from 'int' to 'FLOAT', possible loss of data
c:\users\matt\documents\wanddemo\vrbackend\rendermode.cpp(41): warning C4244: '=': conversion from 'int' to 'FLOAT', possible loss of data
c:\users\matt\documents\wanddemo\vrbackend\rendermode.cpp(49): warning C4267: '=': conversion from 'size_t' to 'int', possible loss of data
c:\users\matt\documents\wanddemo\vrbackend\rendermode.cpp(56): warning C4267: '=': conversion from 'size_t' to 'int', possible loss of data
  RenderingPipeline.cpp
  RenderGroup.cpp
  RenderEntities.cpp
  Quaternion.cpp
  ProcessingEffect.cpp
c:\users\matt\documents\wanddemo\vrbackend\processingeffect.cpp(16): warning C4267: '=': conversion from 'size_t' to 'unsigned int', possible loss of data
c:\users\matt\documents\wanddemo\vrbackend\processingeffect.cpp(18): warning C4018: '<': signed/unsigned mismatch
c:\users\matt\documents\wanddemo\vrbackend\processingeffect.cpp(43): warning C4018: '<': signed/unsigned mismatch
c:\users\matt\documents\wanddemo\vrbackend\processingeffect.cpp(47): warning C4018: '<': signed/unsigned mismatch
  PipelineTexturePlanner.cpp
c:\users\matt\documents\wanddemo\vrbackend\pipelinetextureplanner.cpp(84): warning C4312: 'type cast': conversion from 'int' to 'Texture *' of greater size
c:\users\matt\documents\wanddemo\vrbackend\pipelinetextureplanner.cpp(89): warning C4312: 'type cast': conversion from 'int' to 'Texture *' of greater size
c:\users\matt\documents\wanddemo\vrbackend\pipelinetextureplanner.cpp(102): warning C4312: 'type cast': conversion from 'int' to 'Texture *' of greater size
c:\users\matt\documents\wanddemo\vrbackend\pipelinetextureplanner.cpp(141): warning C4311: 'type cast': pointer truncation from 'Texture *' to 'int'
c:\users\matt\documents\wanddemo\vrbackend\pipelinetextureplanner.cpp(141): warning C4302: 'type cast': truncation from 'Texture *' to 'int'
c:\users\matt\documents\wanddemo\vrbackend\pipelinetextureplanner.cpp(144): warning C4311: 'type cast': pointer truncation from 'Texture *' to 'int'
c:\users\matt\documents\wanddemo\vrbackend\pipelinetextureplanner.cpp(144): warning C4302: 'type cast': truncation from 'Texture *' to 'int'
c:\users\matt\documents\wanddemo\vrbackend\pipelinetextureplanner.cpp(162): warning C4267: '=': conversion from 'size_t' to 'int', possible loss of data
c:\users\matt\documents\wanddemo\vrbackend\pipelinetextureplanner.cpp(200): warning C4267: 'return': conversion from 'size_t' to 'int', possible loss of data
c:\program files (x86)\microsoft visual studio 14.0\vc\include\tuple(563): warning C4267: '=': conversion from 'size_t' to 'int', possible loss of data
  c:\program files (x86)\microsoft visual studio 14.0\vc\include\tuple(565): note: see reference to function template instantiation 'std::tuple<int> &std::tuple<int>::operator =<unsigned __int64>(std::tuple<unsigned __int64> &&)' being compiled
  c:\program files (x86)\microsoft visual studio 14.0\vc\include\tuple(564): note: see reference to function template instantiation 'std::tuple<int> &std::tuple<int>::operator =<unsigned __int64>(std::tuple<unsigned __int64> &&)' being compiled
  c:\users\matt\documents\wanddemo\vrbackend\pipelinetextureplanner.cpp(74): note: see reference to function template instantiation 'std::tuple<int,int> &std::tuple<int,int>::operator =<int,unsigned __int64>(std::tuple<int,unsigned __int64> &&)' being compiled
  c:\users\matt\documents\wanddemo\vrbackend\pipelinetextureplanner.cpp(74): note: see reference to function template instantiation 'std::tuple<int,int> &std::tuple<int,int>::operator =<int,unsigned __int64>(std::tuple<int,unsigned __int64> &&)' being compiled
  c:\users\matt\documents\wanddemo\vrbackend\headset.h(65): note: see reference to class template instantiation 'std::array<vr::ETrackedDeviceClass,4>' being compiled
  PipelineStageWithRenderMode.cpp
c:\users\matt\documents\wanddemo\vrbackend\pipelinestagewithrendermode.cpp(24): warning C4267: '=': conversion from 'size_t' to 'unsigned int', possible loss of data
c:\users\matt\documents\wanddemo\vrbackend\pipelinestagewithrendermode.cpp(25): warning C4018: '<': signed/unsigned mismatch
c:\users\matt\documents\wanddemo\vrbackend\pipelinestagewithrendermode.cpp(39): warning C4018: '<': signed/unsigned mismatch
  PipelineStageDesc.cpp
c:\users\matt\documents\wanddemo\vrbackend\pipelinestagedesc.cpp(125): warning C4267: 'initializing': conversion from 'size_t' to 'unsigned int', possible loss of data
  PipelineStage.cpp
c:\users\matt\documents\wanddemo\vrbackend\pipelinestage.cpp(32): warning C4267: 'initializing': conversion from 'size_t' to 'int', possible loss of data
c:\program files (x86)\microsoft visual studio 14.0\vc\include\utility(203): warning C4244: 'initializing': conversion from '__int64' to 'int', possible loss of data
  c:\users\matt\documents\wanddemo\vrbackend\pipelinestage.cpp(51): note: see reference to function template instantiation 'std::pair<void *,int>::pair<void*,__int64,void,0>(std::pair<void *,__int64> &&) noexcept' being compiled
  c:\users\matt\documents\wanddemo\vrbackend\pipelinestage.cpp(51): note: see reference to function template instantiation 'std::pair<void *,int>::pair<void*,__int64,void,0>(std::pair<void *,__int64> &&) noexcept' being compiled
  c:\users\matt\documents\wanddemo\vrbackend\headset.h(65): note: see reference to class template instantiation 'std::array<vr::ETrackedDeviceClass,4>' being compiled
  Generating Code...
c:\users\matt\documents\wanddemo\vrbackend\quaternion.cpp(94): warning C4715: 'Quaternion::RotationAboutAxis': not all control paths return a value
c:\users\matt\documents\wanddemo\vrbackend\resourcepool.cpp(152): warning C4172: returning address of local variable or temporary
  Compiling...
  PipelineCamera.cpp
  PerspectiveCamera.cpp
c:\users\matt\documents\wanddemo\vrbackend\perspectivecamera.cpp(4): warning C4305: '=': truncation from 'double' to 'float'
  OrthoCamera.cpp
  Headset.cpp
c:\users\matt\documents\wanddemo\vrbackend\headset.cpp(70): warning C4267: 'argument': conversion from 'size_t' to 'uint32_t', possible loss of data
c:\users\matt\documents\wanddemo\vrbackend\headset.cpp(77): warning C4267: 'argument': conversion from 'size_t' to 'uint32_t', possible loss of data
  ObjLoader.cpp
  my_math.cpp
c:\users\matt\documents\wanddemo\vrbackend\my_math.cpp(8): warning C4244: 'return': conversion from 'double' to 'float', possible loss of data
c:\users\matt\documents\wanddemo\vrbackend\my_math.cpp(12): warning C4244: 'return': conversion from 'double' to 'float', possible loss of data
c:\users\matt\documents\wanddemo\vrbackend\my_math.cpp(28): warning C4244: 'initializing': conversion from 'double' to 'float', possible loss of data
  ModelSlice.cpp
  ModelMutation.cpp
c:\users\matt\documents\wanddemo\vrbackend\modelmutation.cpp(5): warning C4267: 'initializing': conversion from 'size_t' to 'unsigned int', possible loss of data
  ModelGenerator.cpp
c:\users\matt\documents\wanddemo\vrbackend\modelgenerator.cpp(14): warning C4267: 'initializing': conversion from 'size_t' to 'unsigned int', possible loss of data
c:\users\matt\documents\wanddemo\vrbackend\modelgenerator.cpp(20): warning C4267: '+=': conversion from 'size_t' to 'unsigned int', possible loss of data
c:\users\matt\documents\wanddemo\vrbackend\modelgenerator.cpp(38): warning C4267: '=': conversion from 'size_t' to 'UINT', possible loss of data
c:\users\matt\documents\wanddemo\vrbackend\modelgenerator.cpp(51): warning C4267: '=': conversion from 'size_t' to 'UINT', possible loss of data
c:\users\matt\documents\wanddemo\vrbackend\modelgenerator.cpp(61): warning C4267: '=': conversion from 'size_t' to 'UINT', possible loss of data
  Model.cpp
  Logging.cpp
  InputHandler.cpp
c:\users\matt\documents\wanddemo\vrbackend\inputhandler.cpp(60): warning C4800: 'int': forcing value to bool 'true' or 'false' (performance warning)
  gaussian.cpp
  EntityId.cpp
  EntityHandler.cpp
c:\users\matt\documents\wanddemo\vrbackend\entityhandler.cpp(19): warning C4267: '=': conversion from 'size_t' to 'unsigned int', possible loss of data
c:\users\matt\documents\wanddemo\vrbackend\entityhandler.cpp(37): warning C4267: 'argument': conversion from 'size_t' to 'unsigned int', possible loss of data
c:\users\matt\documents\wanddemo\vrbackend\entityhandler.cpp(38): warning C4267: 'return': conversion from 'size_t' to 'unsigned int', possible loss of data
  Entity.cpp
  ConvolutionEffectDesc.cpp
  ConstantBuffer.cpp
c:\users\matt\documents\wanddemo\vrbackend\constantbuffer.cpp(95): warning C4267: 'return': conversion from 'size_t' to 'unsigned int', possible loss of data
  Camera.cpp
  BeginDirectx.cpp
  Generating Code...
c:\users\matt\documents\wanddemo\vrbackend\convolutioneffectdesc.cpp(36): warning C4172: returning address of local variable or temporary
c:\users\matt\documents\wanddemo\vrbackend\convolutioneffectdesc.cpp(38): warning C4172: returning address of local variable or temporary
  Compiling...
  AsyncEntityBuffer.cpp
c:\users\matt\documents\wanddemo\vrbackend\asyncentitybuffer.cpp(56): warning C4018: '<': signed/unsigned mismatch
  Generating Code...
gaussian.obj : warning LNK4221: This object file does not define any previously undefined public symbols, so it will not be used by any link operation that consumes this library
  VRBackend.vcxproj -> C:\Users\Matt\Documents\WandDemo\x64\Debug\VRBackend.lib
