c:\users\matt\documents\vrbackend\vrbackend\x64\release\vc120.pdb
c:\users\matt\documents\vrbackend\vrbackend\x64\release\world.obj
c:\users\matt\documents\vrbackend\vrbackend\x64\release\texture.obj
c:\users\matt\documents\vrbackend\vrbackend\x64\release\renderingpipeline.obj
c:\users\matt\documents\vrbackend\vrbackend\x64\release\model.obj
c:\users\matt\documents\vrbackend\vrbackend\x64\release\entity.obj
c:\users\matt\documents\vrbackend\vrbackend\x64\release\begindirectx.obj
c:\users\matt\documents\vrbackend\vrbackend\x64\release\vertices.obj
c:\users\matt\documents\vrbackend\vrbackend\x64\release\shaderpipeline.obj
c:\users\matt\documents\vrbackend\vrbackend\x64\release\rendermode.obj
c:\users\matt\documents\vrbackend\vrbackend\x64\release\renderbundle.obj
c:\users\matt\documents\vrbackend\vrbackend\x64\release\quaternion.obj
c:\users\matt\documents\vrbackend\vrbackend\x64\release\perspectivecamera.obj
c:\users\matt\documents\vrbackend\vrbackend\x64\release\orthocamera.obj
c:\users\matt\documents\vrbackend\vrbackend\x64\release\oculus.obj
c:\users\matt\documents\vrbackend\vrbackend\x64\release\my_math.obj
c:\users\matt\documents\vrbackend\vrbackend\x64\release\inputhandler.obj
c:\users\matt\documents\vrbackend\vrbackend\x64\release\dxresourcepool.obj
c:\users\matt\documents\vrbackend\vrbackend\x64\release\drawhandler.obj
c:\users\matt\documents\vrbackend\vrbackend\x64\release\constantbuffer.obj
c:\users\matt\documents\vrbackend\vrbackend\x64\release\camera.obj
c:\users\matt\documents\vrbackend\vrbackend\x64\release\viewstate.obj
c:\users\matt\documents\vrbackend\vrbackend\x64\release\logging.obj
c:\users\matt\documents\vrbackend\vrbackend\x64\release\shadersettings.obj
c:\users\matt\documents\vrbackend\vrbackend\x64\release\shaders.obj
c:\users\matt\documents\vrbackend\vrbackend\x64\release\resourcepool.obj
c:\users\matt\documents\vrbackend\vrbackend\x64\release\renderresource.obj
c:\users\matt\documents\vrbackend\vrbackend\x64\release\rendergroup.obj
c:\users\matt\documents\vrbackend\vrbackend\x64\release\objloader.obj
c:\users\matt\documents\vrbackend\vrbackend\x64\release\modelslice.obj
c:\users\matt\documents\vrbackend\vrbackend\x64\release\modelgenerator.obj
c:\users\matt\documents\vrbackend\vrbackend\x64\release\entityhandler.obj
c:\users\matt\documents\vrbackend\vrbackend\x64\release\asyncentitybuffer.obj
c:\users\matt\documents\vrbackend\vrbackend\x64\release\modelmutation.obj
c:\users\matt\documents\vrbackend\vrbackend\x64\release\keyboardstate.obj
c:\users\matt\documents\vrbackend\vrbackend\x64\release\gaussian.obj
c:\users\matt\documents\vrbackend\vrbackend\x64\release\entityid.obj
c:\users\matt\documents\vrbackend\vrbackend\x64\release\convolutioneffectdesc.obj
c:\users\matt\documents\vrbackend\vrbackend\x64\release\timetracker.obj
c:\users\matt\documents\vrbackend\vrbackend\x64\release\textureview.obj
c:\users\matt\documents\vrbackend\vrbackend\x64\release\texturecopy.obj
c:\users\matt\documents\vrbackend\vrbackend\x64\release\renderentities.obj
c:\users\matt\documents\vrbackend\vrbackend\x64\release\processingeffect.obj
c:\users\matt\documents\vrbackend\vrbackend\x64\release\pipelinetextureplanner.obj
c:\users\matt\documents\vrbackend\vrbackend\x64\release\pipelinestagewithrendermode.obj
c:\users\matt\documents\vrbackend\vrbackend\x64\release\pipelinestagedesc.obj
c:\users\matt\documents\vrbackend\vrbackend\x64\release\pipelinestage.obj
c:\users\matt\documents\vrbackend\vrbackend\x64\release\pipelinecamera.obj
c:\users\matt\documents\wiimotetest\wiimotetest\x64\release\vrbackend.lib
c:\users\matt\documents\cpython\virtualpy_nt\x64\release\vrbackend.lib
c:\users\matt\documents\wanddemo\x64\release\vrbackend.lib
c:\users\matt\documents\vrbackend\vrbackend\x64\release\vrbackend.tlog\cl.command.1.tlog
c:\users\matt\documents\vrbackend\vrbackend\x64\release\vrbackend.tlog\cl.read.1.tlog
c:\users\matt\documents\vrbackend\vrbackend\x64\release\vrbackend.tlog\cl.write.1.tlog
c:\users\matt\documents\vrbackend\vrbackend\x64\release\vrbackend.tlog\lib-link.read.1.tlog
c:\users\matt\documents\vrbackend\vrbackend\x64\release\vrbackend.tlog\lib-link.write.1.tlog
c:\users\matt\documents\vrbackend\vrbackend\x64\release\vrbackend.tlog\lib.command.1.tlog
